# JRE version: OpenJDK Runtime Environment (16.0.1+9) (build 16.0.1+9-24)
# Java VM: OpenJDK 64-Bit Server VM (16.0.1+9-24, mixed mode, tiered, compressed oops, compressed class ptrs, g1 gc, windows-amd64)
GC Precious Log:
 CPUs: 4 total, 4 available
 Memory: 12236M
 Large Page Support: Disabled
 NUMA Support: Disabled
 Compressed Oops: Enabled (Zero based)
 Heap Region Size: 2M
 Heap Min Capacity: 8M
 Heap Initial Capacity: 192M
 Heap Max Capacity: 3060M
 Pre-touch: Disabled
 Parallel Workers: 4
 Concurrent Workers: 1
 Concurrent Refinement Workers: 4
 Periodic GC: Disabled
Heap:
 garbage-first heap   total 96256K, used 43806K [0x0000000740c00000, 0x0000000800000000)
  region size 2048K, 11 young (22528K), 0 survivors (0K)
 Metaspace       used 73367K, committed 73920K, reserved 1114112K
  class space    used 9004K, committed 9280K, reserved 1048576K
GC Heap History (20 events):
Event: 90.763 GC heap before
{Heap before GC invocations=33 (full 1):
 garbage-first heap   total 86016K, used 59493K [0x0000000740c00000, 0x0000000800000000)
  region size 2048K, 18 young (36864K), 2 survivors (4096K)
 Metaspace       used 72101K, committed 72576K, reserved 1114112K
  class space    used 8963K, committed 9216K, reserved 1048576K
}
Event: 90.766 GC heap after
{Heap after GC invocations=34 (full 1):
 garbage-first heap   total 86016K, used 27935K [0x0000000740c00000, 0x0000000800000000)
  region size 2048K, 2 young (4096K), 2 survivors (4096K)
 Metaspace       used 72101K, committed 72576K, reserved 1114112K
  class space    used 8963K, committed 9216K, reserved 1048576K
}
Event: 91.288 GC heap before
{Heap before GC invocations=34 (full 1):
 garbage-first heap   total 86016K, used 60703K [0x0000000740c00000, 0x0000000800000000)
  region size 2048K, 19 young (38912K), 2 survivors (4096K)
 Metaspace       used 72230K, committed 72768K, reserved 1114112K
  class space    used 8967K, committed 9216K, reserved 1048576K
}
Event: 91.298 GC heap after
{Heap after GC invocations=35 (full 1):
 garbage-first heap   total 86016K, used 34557K [0x0000000740c00000, 0x0000000800000000)
  region size 2048K, 3 young (6144K), 3 survivors (6144K)
 Metaspace       used 72230K, committed 72768K, reserved 1114112K
  class space    used 8967K, committed 9216K, reserved 1048576K
}
Event: 91.584 GC heap before
{Heap before GC invocations=35 (full 1):
 garbage-first heap   total 86016K, used 59133K [0x0000000740c00000, 0x0000000800000000)
  region size 2048K, 15 young (30720K), 3 survivors (6144K)
 Metaspace       used 72327K, committed 72832K, reserved 1114112K
  class space    used 8972K, committed 9216K, reserved 1048576K
}
Event: 91.592 GC heap after
{Heap after GC invocations=36 (full 1):
 garbage-first heap   total 86016K, used 40512K [0x0000000740c00000, 0x0000000800000000)
  region size 2048K, 2 young (4096K), 2 survivors (4096K)
 Metaspace       used 72327K, committed 72832K, reserved 1114112K
  class space    used 8972K, committed 9216K, reserved 1048576K
}
Event: 91.965 GC heap before
{Heap before GC invocations=36 (full 1):
 garbage-first heap   total 86016K, used 60992K [0x0000000740c00000, 0x0000000800000000)
  region size 2048K, 12 young (24576K), 2 survivors (4096K)
 Metaspace       used 72439K, committed 72896K, reserved 1114112K
  class space    used 8974K, committed 9216K, reserved 1048576K
}
Event: 91.967 GC heap after
{Heap after GC invocations=37 (full 1):
 garbage-first heap   total 86016K, used 38673K [0x0000000740c00000, 0x0000000800000000)
  region size 2048K, 1 young (2048K), 1 survivors (2048K)
 Metaspace       used 72439K, committed 72896K, reserved 1114112K
  class space    used 8974K, committed 9216K, reserved 1048576K
}
Event: 119.100 GC heap before
{Heap before GC invocations=38 (full 1):
 garbage-first heap   total 86016K, used 44817K [0x0000000740c00000, 0x0000000800000000)
  region size 2048K, 5 young (10240K), 1 survivors (2048K)
 Metaspace       used 72625K, committed 73088K, reserved 1114112K
  class space    used 8977K, committed 9216K, reserved 1048576K
}
Event: 119.146 GC heap after
{Heap after GC invocations=39 (full 2):
 garbage-first heap   total 86016K, used 24465K [0x0000000740c00000, 0x0000000800000000)
  region size 2048K, 0 young (0K), 0 survivors (0K)
 Metaspace       used 72625K, committed 73088K, reserved 1114112K
  class space    used 8977K, committed 9216K, reserved 1048576K
}
Event: 120.240 GC heap before
{Heap before GC invocations=39 (full 2):
 garbage-first heap   total 86016K, used 55185K [0x0000000740c00000, 0x0000000800000000)
  region size 2048K, 16 young (32768K), 0 survivors (0K)
 Metaspace       used 72821K, committed 73344K, reserved 1114112K
  class space    used 8984K, committed 9216K, reserved 1048576K
}
Event: 120.244 GC heap after
{Heap after GC invocations=40 (full 2):
 garbage-first heap   total 86016K, used 26853K [0x0000000740c00000, 0x0000000800000000)
  region size 2048K, 2 young (4096K), 2 survivors (4096K)
 Metaspace       used 72821K, committed 73344K, reserved 1114112K
  class space    used 8984K, committed 9216K, reserved 1048576K
}
Event: 120.259 GC heap before
{Heap before GC invocations=40 (full 2):
 garbage-first heap   total 86016K, used 55525K [0x0000000740c00000, 0x0000000800000000)
  region size 2048K, 17 young (34816K), 2 survivors (4096K)
 Metaspace       used 72823K, committed 73344K, reserved 1114112K
  class space    used 8984K, committed 9216K, reserved 1048576K
}
Event: 120.261 GC heap after
{Heap after GC invocations=41 (full 2):
 garbage-first heap   total 86016K, used 26911K [0x0000000740c00000, 0x0000000800000000)
  region size 2048K, 2 young (4096K), 2 survivors (4096K)
 Metaspace       used 72823K, committed 73344K, reserved 1114112K
  class space    used 8984K, committed 9216K, reserved 1048576K
}
Event: 120.997 GC heap before
{Heap before GC invocations=41 (full 2):
 garbage-first heap   total 86016K, used 59679K [0x0000000740c00000, 0x0000000800000000)
  region size 2048K, 18 young (36864K), 2 survivors (4096K)
 Metaspace       used 73143K, committed 73600K, reserved 1114112K
  class space    used 8992K, committed 9216K, reserved 1048576K
}
Event: 121.001 GC heap after
{Heap after GC invocations=42 (full 2):
 garbage-first heap   total 151552K, used 28232K [0x0000000740c00000, 0x0000000800000000)
  region size 2048K, 2 young (4096K), 2 survivors (4096K)
 Metaspace       used 73143K, committed 73600K, reserved 1114112K
  class space    used 8992K, committed 9216K, reserved 1048576K
}
Event: 121.571 GC heap before
{Heap before GC invocations=42 (full 2):
 garbage-first heap   total 151552K, used 106056K [0x0000000740c00000, 0x0000000800000000)
  region size 2048K, 41 young (83968K), 2 survivors (4096K)
 Metaspace       used 73231K, committed 73792K, reserved 1114112K
  class space    used 8995K, committed 9280K, reserved 1048576K
}
Event: 121.580 GC heap after
{Heap after GC invocations=43 (full 2):
 garbage-first heap   total 151552K, used 36172K [0x0000000740c00000, 0x0000000800000000)
  region size 2048K, 6 young (12288K), 6 survivors (12288K)
 Metaspace       used 73231K, committed 73792K, reserved 1114112K
  class space    used 8995K, committed 9280K, reserved 1048576K
}
Event: 132.366 GC heap before
{Heap before GC invocations=43 (full 2):
 garbage-first heap   total 151552K, used 50508K [0x0000000740c00000, 0x0000000800000000)
  region size 2048K, 14 young (28672K), 6 survivors (12288K)
 Metaspace       used 73279K, committed 73856K, reserved 1114112K
  class space    used 8996K, committed 9280K, reserved 1048576K
}
Event: 132.411 GC heap after
{Heap after GC invocations=44 (full 3):
 garbage-first heap   total 96256K, used 23326K [0x0000000740c00000, 0x0000000800000000)
  region size 2048K, 0 young (0K), 0 survivors (0K)
 Metaspace       used 73276K, committed 73856K, reserved 1114112K
  class space    used 8995K, committed 9280K, reserved 1048576K
}

